<?xml version="1.0" encoding="UTF-8"?>
<!-- Generated by org.testng.reporters.JUnitReportReporter -->
<testsuite hostname="Rakesh" failures="0" tests="1" name="session_04.checkforvalidresponse" time="1.074" errors="0" timestamp="2023-09-27T16:39:03 IST" skipped="0">
  <testcase classname="session_04.checkforvalidresponse" name="singleuserget" time="1.074"/>
  <system-out/>
</testsuite> <!-- session_04.checkforvalidresponse -->
