<?xml version="1.0" encoding="UTF-8"?>
<!-- Generated by org.testng.reporters.JUnitReportReporter -->
<testsuite hostname="Rakesh" failures="0" tests="1" name="Session_03.test02_putmethod" time="68.069" errors="0" timestamp="2023-09-25T15:11:40 IST" skipped="0">
  <testcase classname="Session_03.test02_putmethod" name="test02" time="68.069"/>
  <system-out/>
</testsuite> <!-- Session_03.test02_putmethod -->
