<?xml version="1.0" encoding="UTF-8"?>
<!-- Generated by org.testng.reporters.JUnitReportReporter -->
<testsuite hostname="Rakesh" failures="0" tests="1" name="Session_03.test03_patchmethod" time="65.148" errors="0" timestamp="2023-09-25T15:17:34 IST" skipped="0">
  <testcase classname="Session_03.test03_patchmethod" name="testpatch" time="65.148"/>
  <system-out/>
</testsuite> <!-- Session_03.test03_patchmethod -->
