<?xml version="1.0" encoding="UTF-8"?>
<!-- Generated by org.testng.reporters.JUnitReportReporter -->
<testsuite hostname="Rakesh" failures="0" tests="1" name="session_05.validate_hearder" time="1.107" errors="0" timestamp="2023-09-26T12:05:33 IST" skipped="0">
  <testcase classname="session_05.validate_hearder" name="GetSingleUser" time="1.107"/>
  <system-out/>
</testsuite> <!-- session_05.validate_hearder -->
