<?xml version="1.0" encoding="UTF-8"?>
<!-- Generated by org.testng.reporters.JUnitReportReporter -->
<testsuite hostname="Rakesh" failures="0" tests="1" name="test" time="1.421" errors="0" timestamp="2023-09-22T15:22:10 IST" skipped="0">
  <testcase classname="test" name="postreq" time="1.421"/>
  <system-out/>
</testsuite> <!-- test -->
