<?xml version="1.0" encoding="UTF-8"?>
<!-- Generated by org.testng.reporters.JUnitReportReporter -->
<testsuite hostname="Rakesh" failures="0" tests="1" name="Session_03.test_postmethod" time="64.681" errors="0" timestamp="2023-09-25T14:47:39 IST" skipped="0">
  <testcase classname="Session_03.test_postmethod" name="Post" time="64.681"/>
  <system-out/>
</testsuite> <!-- Session_03.test_postmethod -->
