<?xml version="1.0" encoding="UTF-8"?>
<!-- Generated by org.testng.reporters.JUnitReportReporter -->
<testsuite hostname="Rakesh" failures="0" tests="1" name="session_06.validatebody" time="1.401" errors="0" timestamp="2023-09-27T16:33:40 IST" skipped="0">
  <testcase classname="session_06.validatebody" name="body" time="1.401"/>
  <system-out/>
</testsuite> <!-- session_06.validatebody -->
