<?xml version="1.0" encoding="UTF-8"?>
<!-- Generated by org.testng.reporters.JUnitReportReporter -->
<testsuite hostname="Rakesh" failures="0" tests="1" name="FirstGetReq" time="1.108" errors="0" timestamp="2023-09-22T15:12:50 IST" skipped="0">
  <testcase classname="FirstGetReq" name="testcase01" time="1.108"/>
  <system-out/>
</testsuite> <!-- FirstGetReq -->
