<?xml version="1.0" encoding="UTF-8"?>
<!-- Generated by org.testng.reporters.JUnitReportReporter -->
<testsuite hostname="Rakesh" failures="0" tests="1" name="Session_03.test_deletemethod" time="64.336" errors="0" timestamp="2023-09-25T16:10:25 IST" skipped="0">
  <testcase classname="Session_03.test_deletemethod" name="delete" time="64.336"/>
  <system-out/>
</testsuite> <!-- Session_03.test_deletemethod -->
