<?xml version="1.0" encoding="UTF-8"?>
<!-- Generated by org.testng.reporters.JUnitReportReporter -->
<testsuite hostname="Rakesh" failures="0" tests="1" name="session_07.query_parameter" time="1.706" errors="0" timestamp="2023-09-27T17:43:25 IST" skipped="0">
  <testcase classname="session_07.query_parameter" name="queryvalidate" time="1.706"/>
  <system-out/>
</testsuite> <!-- session_07.query_parameter -->
